[DEBUG] [Main Thread] Kb_shared handler thread created.
[kb_shared thread engine] [DEBUG] Thread 1 started.
[DEBUG] [Main Thread] Refine handler thread created.
[DEBUG] [Main Thread] Filter handler thread created.
[refine thread engine] [DEBUG] Thread 3 started.
[DEBUG] [Main Thread] Throttle handler thread created.
[throttle thread engine] [DEBUG] Thread 5 started.
[filter thread engine] [DEBUG] Thread 4 started.
[DEBUG] [Main Thread] Abstract handler thread created.
[abstract thread engine] [DEBUG] Thread 6 started.
[DEBUG] [Main Thread] Update handler thread created.
[update thread engine] [DEBUG] Thread 7 started.
[DEBUG] [Main Thread] Correlate handler thread created.
[correlate thread engine] [DEBUG] Thread 8 started.
[DEBUG] [Main Thread] Execute handler thread created.
[execute thread engine] [DEBUG] Thread 9 started.
[DEBUG] [Main Thread] Timer handler thread created.
[timer thread engine] [DEBUG] Thread 10 started.
[DEBUG] [Main Thread] Propagate handler thread created.
[propagate thread engine] [DEBUG] Thread 11 started.
[DEBUG] [Main Thread] Trigger handler thread created.
[trigger thread engine] [DEBUG] Thread 12 started.
[DEBUG] [Main Thread] Collector handler thread created.
[DEBUG] [Collector Handler 2] Entering collector_handler_thread
[DEBUG] [Collector Handler 2] Socket created.
[DEBUG] [Collector Handler 2] Socket bound to port 65432.
[INFO] [Collector Handler 2] Server started and listening on port 65432
[DEBUG] [Collector Handler 2] Waiting for new connections...
Warning: /opt/automation/clickceler/src/C/engine/kb_shared.pl:15:
Warning:    Singleton variables: [Main]
[DEBUG] [Thread 139745694148288] Rules loaded from ../engine/kb_shared.pl
[INFO] [Thread 139745694148288] Captured output: [2025-08-12T17:55:52] [info] [Kb_shared 139745694148288  ] Thread started


[kb_shared thread engine] [INFO] Module 'kb_shared' successfully loaded.
[Kb_shared] Starting kb_shared loop
[DEBUG] [Thread 139745534752448] Rules loaded from ../engine/trigger.pl
[INFO] [Thread 139745534752448] Captured output: [2025-08-12T17:55:52] [info] [Trigger 139745534752448] Thread started


[trigger thread engine] [INFO] Module 'trigger' successfully loaded.
[2025-08-12T17:55:52] [info] [Trigger] Warning: Rules file not found.

[2025-08-12T17:55:52] [info] [Trigger] Created message queue trigger

[DEBUG] [Thread 139745668970176] Rules loaded from ../engine/abstract.pl
[DEBUG] [Thread 139745652082368] Rules loaded from ../engine/correlate.pl
[DEBUG] [Thread 139745643484864] Rules loaded from ../engine/execute.pl
[INFO] [Thread 139745668970176] Captured output: [2025-08-12T17:55:52] [info] [Abstract 139745668970176] Thread started


[INFO] [Thread 139745652082368] Captured output: [2025-08-12T17:55:52] [info] [Correlate 139745652082368] Thread started


[correlate thread engine] [INFO] Module 'correlate' successfully loaded.
[abstract thread engine] [INFO] Module 'abstract' successfully loaded.
[INFO] [Thread 139745643484864] Captured output: [2025-08-12T17:55:52] [info] [Execute 139745643484864] Thread started


[2025-08-12T17:55:52] [info] [Correlate] Warning: Rules file not found.
[execute thread engine] [INFO] Module 'execute' successfully loaded.

[DEBUG] [Thread 139745552234176] Rules loaded from ../engine/propagate.pl
[2025-08-12T17:55:52] [info] [Abstract] Warning: Rules file not found.

[2025-08-12T17:55:52] [info] [Correlate] Created message queue correlate

[2025-08-12T17:55:52] [info] [Execute] Warning: Rules file not found.
[DEBUG] [Thread 139745635018432] Rules loaded from ../engine/timer.pl

[INFO] [Thread 139745552234176] Captured output: [2025-08-12T17:55:52] [info] [Propagate 139745552234176] Thread started


[2025-08-12T17:55:52] [info] [Abstract] Created message queue abstract
[propagate thread engine] [INFO] Module 'propagate' successfully loaded.

[DEBUG] [Thread 139745660577472] Rules loaded from ../engine/update.pl
[2025-08-12T17:55:52] [info] [Execute] Created message queue execute
[DEBUG] [Thread 139745685755584] Rules loaded from ../engine/refine.pl

[INFO] [Thread 139745635018432] Captured output: [2025-08-12T17:55:52] [info] [Timer 139745635018432] Thread started


[2025-08-12T17:55:52] [info] [Propagate] Warning: Rules file not found.
[timer thread engine] [INFO] Module 'timer' successfully loaded.

[INFO] [Thread 139745660577472] Captured output: [2025-08-12T17:55:52] [info] [Update 139745660577472] Thread started


[update thread engine] [INFO] Module 'update' successfully loaded.
[2025-08-12T17:55:52] [info] [Propagate] Created message queue propagate

[2025-08-12T17:55:52] [info] [2025-08-12T17:55:52] [info] [Update] Warning: Rules file not found.

[Timer] Warning: Rules file not found.

[2025-08-12T17:55:52] [info] [Update] Created message queue update

[2025-08-12T17:55:52] [info] [Timer] Created message queue timer

[DEBUG] [Thread 139745543145152] Rules loaded from ../engine/filter.pl
[INFO] [Thread 139745543145152] Captured output: [2025-08-12T17:55:52] [info] [Filter 139745543145152] Thread started


[filter thread engine] [INFO] Module 'filter' successfully loaded.
Warning: /opt/automation/clickceler/src/C/engine/throttle.pl:91:
Warning:    Singleton variables: [Pattern]
[INFO] [Thread 139745685755584] Captured output: [2025-08-12T17:55:52] [info] [Refine 139745685755584] Thread started

[2025-08-12T17:55:52] [info] [Refine] Created message queue refine

[2025-08-12T17:55:52] [info] [Refine] Rules loaded from ../rules/refine.pl


[refine thread engine] [INFO] Module 'refine' successfully loaded.
[2025-08-12T17:55:52] [info] [Filter] Rules loaded from ../rules/filter.pl

[2025-08-12T17:55:52] [info] [Filter] Created message queue filter

[DEBUG] [Thread 139745677362880] Rules loaded from ../engine/throttle.pl
[INFO] [Thread 139745677362880] Captured output: [2025-08-12T17:55:52] [info] [Throttle 139745677362880] Thread started


[throttle thread engine] [INFO] Module 'throttle' successfully loaded.
[2025-08-12T17:55:52] [info] [Throttle] Rules loaded from ../rules/throttle.pl

[2025-08-12T17:55:52] [info] [Throttle] Created message queue throttle

