event("Router",_8696{category:"DEBUG",counter:0,hostname:"maint01",id:17539999742390001,origin:"datacenter1",packet_loss_percent:5.88,source:"Auth Service",state:"online",status:"ack",sub_source:"DiskMonitor",timestamp:"2025-07-01T18:34:00Z",type:"Router"}).
event("Disk",_8870{category:"ERROR",counter:0,free_space_gb:177.34,hostname:"server01",id:17539999742390002,origin:"datacenter3",source:"ThermalSensor",state:"degraded",status:"ack",sub_source:"PSUUnit",timestamp:"2025-07-01T22:30:00Z",type:"Disk"}).
event("CPU",_9044{category:"ERROR",counter:0,hostname:"auth01",id:17539999742390003,origin:"datacenter2",source:"ThermalSensor",state:"overheated",status:"open",sub_source:"BackupService",timestamp:"2025-07-01T23:00:00Z",type:"CPU",usage_percent:43}).
event("Router",_9218{category:"DEBUG",counter:0,hostname:"auth01",id:17539999742390004,origin:"datacenter3",packet_loss_percent:4.25,source:"PowerManagement",state:"congested",status:"closed",sub_source:"RAMModule",timestamp:"2025-07-01T00:19:00Z",type:"Router"}).
event("Disk",_9392{category:"DEBUG",counter:0,free_space_gb:105.49,hostname:"sensor01",id:17539999742390005,origin:"datacenter3",source:"NetworkMonitor",state:"healthy",status:"open",sub_source:"TempProbe",timestamp:"2025-07-01T17:21:00Z",type:"Disk"}).
event("Memory",_9566{category:"INFO",counter:0,hostname:"server03",id:17539999742390006,origin:"datacenter1",source:"StorageSystem",state:"normal",status:"open",sub_source:"PSUUnit",timestamp:"2025-07-01T04:44:00Z",type:"Memory",used_mb:395}).
event("Router",_10444{category:"DEBUG",counter:0,hostname:"maint01",id:17539999742390001,origin:"datacenter1",packet_loss_percent:5.88,source:"Auth Service",state:"online",status:"ack",sub_source:"DiskMonitor",timestamp:"2025-07-01T18:34:00Z",type:"Router"}).
event("Disk",_9740{category:"INFO",counter:0,free_space_gb:206.98,hostname:"server01",id:17539999742400007,origin:"datacenter2",source:"StorageSystem",state:"degraded",status:"closed",sub_source:"TempProbe",timestamp:"2025-07-01T17:35:00Z",type:"Disk"}).
event("CPU",_9914{category:"DEBUG",counter:0,hostname:"server02",id:17539999742400008,origin:"datacenter3",source:"Maintenance Scheduler",state:"normal",status:"closed",sub_source:"PSUUnit",timestamp:"2025-07-01T04:18:00Z",type:"CPU",usage_percent:43}).
event("Disk",_10830{category:"ERROR",counter:0,free_space_gb:177.34,hostname:"server01",id:17539999742390002,origin:"datacenter3",source:"ThermalSensor",state:"degraded",status:"ack",sub_source:"PSUUnit",timestamp:"2025-07-01T22:30:00Z",type:"Disk"}).
event("Memory",_10088{category:"DEBUG",counter:0,hostname:"auth01",id:17539999742400009,origin:"datacenter1",source:"Auth Service",state:"error",status:"closed",sub_source:"RAMModule",timestamp:"2025-07-01T06:29:00Z",type:"Memory",used_mb:14598}).
event("Memory",_10262{category:"DEBUG",counter:0,hostname:"router01",id:17539999742400010,origin:"datacenter1",source:"Auth Service",state:"error",status:"closed",sub_source:"PSUUnit",timestamp:"2025-07-01T16:15:00Z",type:"Memory",used_mb:25819}).
event("CPU",_11218{category:"ERROR",counter:0,hostname:"auth01",id:17539999742390003,origin:"datacenter2",source:"ThermalSensor",state:"overheated",status:"open",sub_source:"BackupService",timestamp:"2025-07-01T23:00:00Z",type:"CPU",usage_percent:43}).
event("Router",_11598{category:"DEBUG",counter:0,hostname:"auth01",id:17539999742390004,origin:"datacenter3",packet_loss_percent:4.25,source:"PowerManagement",state:"congested",status:"closed",sub_source:"RAMModule",timestamp:"2025-07-01T00:19:00Z",type:"Router"}).
event("Disk",_11986{category:"DEBUG",counter:0,free_space_gb:105.49,hostname:"sensor01",id:17539999742390005,origin:"datacenter3",source:"NetworkMonitor",state:"healthy",status:"open",sub_source:"TempProbe",timestamp:"2025-07-01T17:21:00Z",type:"Disk"}).
event("Memory",_12374{category:"INFO",counter:0,hostname:"server03",id:17539999742390006,origin:"datacenter1",source:"StorageSystem",state:"normal",status:"open",sub_source:"PSUUnit",timestamp:"2025-07-01T04:44:00Z",type:"Memory",used_mb:395}).
event("Disk",_12754{category:"INFO",counter:0,free_space_gb:206.98,hostname:"server01",id:17539999742400007,origin:"datacenter2",source:"StorageSystem",state:"degraded",status:"closed",sub_source:"TempProbe",timestamp:"2025-07-01T17:35:00Z",type:"Disk"}).
event("CPU",_13142{category:"DEBUG",counter:0,hostname:"server02",id:17539999742400008,origin:"datacenter3",source:"Maintenance Scheduler",state:"normal",status:"closed",sub_source:"PSUUnit",timestamp:"2025-07-01T04:18:00Z",type:"CPU",usage_percent:43}).
event("Memory",_13524{category:"DEBUG",counter:0,hostname:"auth01",id:17539999742400009,origin:"datacenter1",source:"Auth Service",state:"error",status:"closed",sub_source:"RAMModule",timestamp:"2025-07-01T06:29:00Z",type:"Memory",used_mb:14598}).
event("Memory",_13902{category:"DEBUG",counter:0,hostname:"router01",id:17539999742400010,origin:"datacenter1",source:"Auth Service",state:"error",status:"closed",sub_source:"PSUUnit",timestamp:"2025-07-01T16:15:00Z",type:"Memory",used_mb:25819}).
